Flow report for lab8
Mon May 27 19:08:49 2024
Quartus Prime Version 18.1.0 Build 625 09/12/2018 SJ Lite Edition


---------------------
; Table of Contents ;
---------------------
  1. Legal Notice
  2. Flow Summary
  3. Flow Settings
  4. Flow Non-Default Global Settings
  5. Flow Elapsed Time
  6. Flow OS Summary
  7. Flow Log
  8. Flow Messages
  9. Flow Suppressed Messages



----------------
; Legal Notice ;
----------------
Copyright (C) 2018  Intel Corporation. All rights reserved.
Your use of Intel Corporation's design tools, logic functions 
and other software and tools, and its AMPP partner logic 
functions, and any output files from any of the foregoing 
(including device programming or simulation files), and any 
associated documentation or information are expressly subject 
to the terms and conditions of the Intel Program License 
Subscription Agreement, the Intel Quartus Prime License Agreement,
the Intel FPGA IP License Agreement, or other applicable license
agreement, including, without limitation, that your use is for
the sole purpose of programming logic devices manufactured by
Intel and sold by Intel or its authorized distributors.  Please
refer to the applicable agreement for further details.



+----------------------------------------------------------------------------------+
; Flow Summary                                                                     ;
+------------------------------------+---------------------------------------------+
; Flow Status                        ; Successful - Mon May 27 19:08:35 2024       ;
; Quartus Prime Version              ; 18.1.0 Build 625 09/12/2018 SJ Lite Edition ;
; Revision Name                      ; lab8                                        ;
; Top-level Entity Name              ; lab8                                        ;
; Family                             ; Cyclone IV E                                ;
; Device                             ; EP4CE115F29C7                               ;
; Timing Models                      ; Final                                       ;
; Total logic elements               ; 98,215 / 114,480 ( 86 % )                   ;
;     Total combinational functions  ; 97,322 / 114,480 ( 85 % )                   ;
;     Dedicated logic registers      ; 12,467 / 114,480 ( 11 % )                   ;
; Total registers                    ; 12586                                       ;
; Total pins                         ; 150 / 529 ( 28 % )                          ;
; Total virtual pins                 ; 0                                           ;
; Total memory bits                  ; 2,822,288 / 3,981,312 ( 71 % )              ;
; Embedded Multiplier 9-bit elements ; 264 / 532 ( 50 % )                          ;
; Total PLLs                         ; 1 / 4 ( 25 % )                              ;
+------------------------------------+---------------------------------------------+


+-----------------------------------------+
; Flow Settings                           ;
+-------------------+---------------------+
; Option            ; Setting             ;
+-------------------+---------------------+
; Start date & time ; 05/27/2024 18:58:30 ;
; Main task         ; Compilation         ;
; Revision Name     ; lab8                ;
+-------------------+---------------------+


+------------------------------------------------------------------------------------------------------------------------------------------------------+
; Flow Non-Default Global Settings                                                                                                                     ;
+--------------------------------------+------------------------------------------------------------+---------------+-----------------+----------------+
; Assignment Name                      ; Value                                                      ; Default Value ; Entity Name     ; Section Id     ;
+--------------------------------------+------------------------------------------------------------+---------------+-----------------+----------------+
; COMPILER_SIGNATURE_ID                ; 2546663124252.171680751007824                              ; --            ; --              ; --             ;
; EDA_DESIGN_INSTANCE_NAME             ; NA                                                         ; --            ; --              ; testbench      ;
; EDA_NATIVELINK_SIMULATION_TEST_BENCH ; testbench                                                  ; --            ; --              ; eda_simulation ;
; EDA_OUTPUT_DATA_FORMAT               ; None                                                       ; --            ; --              ; eda_simulation ;
; EDA_TEST_BENCH_ENABLE_STATUS         ; TEST_BENCH_MODE                                            ; --            ; --              ; eda_simulation ;
; EDA_TEST_BENCH_FILE                  ; testbench.sv                                               ; --            ; --              ; testbench      ;
; EDA_TEST_BENCH_MODULE_NAME           ; testbench                                                  ; --            ; --              ; testbench      ;
; EDA_TEST_BENCH_NAME                  ; testbench                                                  ; --            ; --              ; eda_simulation ;
; EDA_TEST_BENCH_RUN_SIM_FOR           ; 10000 ns                                                   ; --            ; --              ; testbench      ;
; ENABLE_SIGNALTAP                     ; On                                                         ; --            ; --              ; --             ;
; MAX_CORE_JUNCTION_TEMP               ; 85                                                         ; --            ; --              ; --             ;
; MIN_CORE_JUNCTION_TEMP               ; 0                                                          ; --            ; --              ; --             ;
; MISC_FILE                            ; z_buffer_ocm_inst.v                                        ; --            ; --              ; --             ;
; MISC_FILE                            ; z_buffer_ocm_bb.v                                          ; --            ; --              ; --             ;
; MISC_FILE                            ; ocm_frame_buffer_bb.v                                      ; --            ; --              ; --             ;
; MISC_FILE                            ; lab8_soc/synthesis/../lab8_soc.cmp                         ; --            ; --              ; --             ;
; MISC_FILE                            ; lab8_soc/synthesis/../../lab8_soc.qsys                     ; --            ; --              ; --             ;
; MISC_FILE                            ; vga_clk.ppf                                                ; --            ; --              ; --             ;
; PARTITION_COLOR                      ; -- (Not supported for targeted family)                     ; --            ; DE2_115_Default ; Top            ;
; PARTITION_COLOR                      ; -- (Not supported for targeted family)                     ; --            ; --              ; Top            ;
; PARTITION_FITTER_PRESERVATION_LEVEL  ; -- (Not supported for targeted family)                     ; --            ; DE2_115_Default ; Top            ;
; PARTITION_FITTER_PRESERVATION_LEVEL  ; -- (Not supported for targeted family)                     ; --            ; --              ; Top            ;
; PARTITION_NETLIST_TYPE               ; -- (Not supported for targeted family)                     ; --            ; DE2_115_Default ; Top            ;
; PARTITION_NETLIST_TYPE               ; -- (Not supported for targeted family)                     ; --            ; --              ; Top            ;
; POWER_BOARD_THERMAL_MODEL            ; None (CONSERVATIVE)                                        ; --            ; --              ; --             ;
; POWER_PRESET_COOLING_SOLUTION        ; 23 MM HEAT SINK WITH 200 LFPM AIRFLOW                      ; --            ; --              ; --             ;
; SLD_FILE                             ; lab8_soc/synthesis/lab8_soc.regmap                         ; --            ; --              ; --             ;
; SLD_FILE                             ; lab8_soc/synthesis/lab8_soc.debuginfo                      ; --            ; --              ; --             ;
; SLD_INFO                             ; QSYS_NAME lab8_soc HAS_SOPCINFO 1 GENERATION_ID 1713175108 ; --            ; lab8_soc        ; --             ;
; SOPCINFO_FILE                        ; lab8_soc/synthesis/../../lab8_soc.sopcinfo                 ; --            ; --              ; --             ;
; SYNTHESIS_ONLY_QIP                   ; On                                                         ; --            ; --              ; --             ;
; USE_SIGNALTAP_FILE                   ; stp1.stp                                                   ; --            ; --              ; --             ;
+--------------------------------------+------------------------------------------------------------+---------------+-----------------+----------------+


+--------------------------------------------------------------------------------------------------------------------------+
; Flow Elapsed Time                                                                                                        ;
+----------------------+--------------+-------------------------+---------------------+------------------------------------+
; Module Name          ; Elapsed Time ; Average Processors Used ; Peak Virtual Memory ; Total CPU Time (on all processors) ;
+----------------------+--------------+-------------------------+---------------------+------------------------------------+
; Analysis & Synthesis ; 00:05:50     ; 1.0                     ; 5613 MB             ; 00:01:57                           ;
; Fitter               ; 00:03:51     ; 1.2                     ; 7607 MB             ; 00:02:05                           ;
; Assembler            ; 00:00:05     ; 1.0                     ; 4968 MB             ; 00:00:01                           ;
; Timing Analyzer      ; 00:00:13     ; 2.2                     ; 5605 MB             ; 00:00:07                           ;
; Total                ; 00:09:59     ; --                      ; --                  ; 00:04:10                           ;
+----------------------+--------------+-------------------------+---------------------+------------------------------------+


+------------------------------------------------------------------------------------+
; Flow OS Summary                                                                    ;
+----------------------+------------------+------------+------------+----------------+
; Module Name          ; Machine Hostname ; OS Name    ; OS Version ; Processor type ;
+----------------------+------------------+------------+------------+----------------+
; Analysis & Synthesis ; MSI              ; Windows 10 ; 10.0       ; x86_64         ;
; Fitter               ; MSI              ; Windows 10 ; 10.0       ; x86_64         ;
; Assembler            ; MSI              ; Windows 10 ; 10.0       ; x86_64         ;
; Timing Analyzer      ; MSI              ; Windows 10 ; 10.0       ; x86_64         ;
+----------------------+------------------+------------+------------+----------------+


------------
; Flow Log ;
------------
quartus_map --read_settings_files=on --write_settings_files=off lab8 -c lab8
quartus_fit --read_settings_files=off --write_settings_files=off lab8 -c lab8
quartus_asm --read_settings_files=off --write_settings_files=off lab8 -c lab8
quartus_sta lab8 -c lab8



